[debug] [2020-04-19T15:37:29.576Z] ----------------------------------------------------------------------
[debug] [2020-04-19T15:37:29.578Z] Command:       C:\Program Files\nodejs\node.exe C:\Program Files\nodejs\node_modules\firebase-tools\lib\bin\firebase.js serve
[debug] [2020-04-19T15:37:29.578Z] CLI Version:   8.1.1
[debug] [2020-04-19T15:37:29.578Z] Platform:      win32
[debug] [2020-04-19T15:37:29.578Z] Node Version:  v12.0.0
[debug] [2020-04-19T15:37:29.580Z] Time:          Sun Apr 19 2020 16:37:29 GMT+0100 (Western European Summer Time)
[debug] [2020-04-19T15:37:29.580Z] ----------------------------------------------------------------------
[debug] [2020-04-19T15:37:29.580Z] 
[debug] [2020-04-19T15:37:29.588Z] > command requires scopes: ["email","openid","https://www.googleapis.com/auth/cloudplatformprojects.readonly","https://www.googleapis.com/auth/firebase","https://www.googleapis.com/auth/cloud-platform"]
[debug] [2020-04-19T15:37:29.588Z] > authorizing via signed-in user
[debug] [2020-04-19T15:37:29.589Z] [iam] checking project handy-app-ad6a5 for permissions ["firebase.projects.get"]
[debug] [2020-04-19T15:37:29.591Z] >>> HTTP REQUEST POST https://cloudresourcemanager.googleapis.com/v1/projects/handy-app-ad6a5:testIamPermissions  
 {"permissions":["firebase.projects.get"]}
[debug] [2020-04-19T15:37:30.458Z] <<< HTTP RESPONSE 200 {"content-type":"application/json; charset=UTF-8","vary":"X-Origin, Referer, Origin,Accept-Encoding","date":"Sun, 19 Apr 2020 15:37:35 GMT","server":"ESF","cache-control":"private","x-xss-protection":"0","x-frame-options":"SAMEORIGIN","x-content-type-options":"nosniff","server-timing":"gfet4t7; dur=771","alt-svc":"quic=\":443\"; ma=2592000; v=\"46,43\",h3-Q050=\":443\"; ma=2592000,h3-Q049=\":443\"; ma=2592000,h3-Q048=\":443\"; ma=2592000,h3-Q046=\":443\"; ma=2592000,h3-Q043=\":443\"; ma=2592000,h3-T050=\":443\"; ma=2592000","accept-ranges":"none","transfer-encoding":"chunked"}
[debug] [2020-04-19T15:37:30.459Z] >>> HTTP REQUEST GET https://firebase.googleapis.com/v1beta1/projects/handy-app-ad6a5  
 
[debug] [2020-04-19T15:37:30.699Z] <<< HTTP RESPONSE 200 {"content-type":"application/json; charset=UTF-8","vary":"X-Origin, Referer, Origin,Accept-Encoding","date":"Sun, 19 Apr 2020 15:37:35 GMT","server":"ESF","cache-control":"private","x-xss-protection":"0","x-frame-options":"SAMEORIGIN","x-content-type-options":"nosniff","alt-svc":"quic=\":443\"; ma=2592000; v=\"46,43\",h3-Q050=\":443\"; ma=2592000,h3-Q049=\":443\"; ma=2592000,h3-Q048=\":443\"; ma=2592000,h3-Q046=\":443\"; ma=2592000,h3-Q043=\":443\"; ma=2592000,h3-T050=\":443\"; ma=2592000","accept-ranges":"none","transfer-encoding":"chunked"}
[info] 
[info] === Serving from 'C:\PersonalProjects\Handy\handy-server'...
[info] 
[warn] !  Your requested "node" version "8" doesn't match your global version "12"
[info] +  functions: functions emulator started at http://localhost:5000
[info] i  functions: Watching "C:\PersonalProjects\Handy\handy-server\functions" for Cloud Functions...
[debug] [2020-04-19T15:37:32.747Z] [worker-pool] addWorker(~diagnostic~) 
[debug] [2020-04-19T15:37:32.747Z] [worker-pool] Adding worker with key ~diagnostic~, total=1 
[debug] [2020-04-19T15:37:32.748Z] [worker-pool] submitWork(triggerId=) 
[debug] [2020-04-19T15:37:32.749Z] [worker-~diagnostic~-2d679b4c-5d43-4361-aa7a-0c96049a093e]: Assigning socketPath: \\?\pipe\C:\PersonalProjects\Handy\handy-server\functions\4756 
[debug] [2020-04-19T15:37:32.749Z] [worker-~diagnostic~-2d679b4c-5d43-4361-aa7a-0c96049a093e]: BUSY 
[debug] [2020-04-19T15:37:33.158Z] [runtime-status] [4756] Functions runtime initialized. {"cwd":"C:\\PersonalProjects\\Handy\\handy-server\\functions","node_version":"12.0.0"} 
[debug] [2020-04-19T15:37:33.159Z] [runtime-status] [4756] Disabled runtime features: undefined 
[warn] !  The Cloud Functions emulator requires the module "firebase-admin" to be installed. This package is in your package.json, but it's not available. You probably need to run "npm install" in your functions directory.
[info] i  functions: Your functions could not be parsed due to an issue with your node_modules (see above)
[debug] [2020-04-19T15:37:33.182Z] [worker-~diagnostic~-2d679b4c-5d43-4361-aa7a-0c96049a093e]: exited 
[debug] [2020-04-19T15:37:33.183Z] [worker-~diagnostic~-2d679b4c-5d43-4361-aa7a-0c96049a093e]: FINISHED 
[debug] [2020-04-19T15:53:29.085Z] ----------------------------------------------------------------------
[debug] [2020-04-19T15:53:29.087Z] Command:       C:\Program Files\nodejs\node.exe C:\Program Files\nodejs\node_modules\firebase-tools\lib\bin\firebase.js serve
[debug] [2020-04-19T15:53:29.087Z] CLI Version:   8.1.1
[debug] [2020-04-19T15:53:29.087Z] Platform:      win32
[debug] [2020-04-19T15:53:29.087Z] Node Version:  v12.0.0
[debug] [2020-04-19T15:53:29.089Z] Time:          Sun Apr 19 2020 16:53:29 GMT+0100 (Western European Summer Time)
[debug] [2020-04-19T15:53:29.089Z] ----------------------------------------------------------------------
[debug] [2020-04-19T15:53:29.090Z] 
[debug] [2020-04-19T15:53:29.097Z] > command requires scopes: ["email","openid","https://www.googleapis.com/auth/cloudplatformprojects.readonly","https://www.googleapis.com/auth/firebase","https://www.googleapis.com/auth/cloud-platform"]
[debug] [2020-04-19T15:53:29.098Z] > authorizing via signed-in user
[debug] [2020-04-19T15:53:29.098Z] [iam] checking project handy-app-ad6a5 for permissions ["firebase.projects.get"]
[debug] [2020-04-19T15:53:29.101Z] >>> HTTP REQUEST POST https://cloudresourcemanager.googleapis.com/v1/projects/handy-app-ad6a5:testIamPermissions  
 {"permissions":["firebase.projects.get"]}
[debug] [2020-04-19T15:53:30.004Z] <<< HTTP RESPONSE 200 {"content-type":"application/json; charset=UTF-8","vary":"X-Origin, Referer, Origin,Accept-Encoding","date":"Sun, 19 Apr 2020 15:53:34 GMT","server":"ESF","cache-control":"private","x-xss-protection":"0","x-frame-options":"SAMEORIGIN","x-content-type-options":"nosniff","server-timing":"gfet4t7; dur=750","alt-svc":"quic=\":443\"; ma=2592000; v=\"46,43\",h3-Q050=\":443\"; ma=2592000,h3-Q049=\":443\"; ma=2592000,h3-Q048=\":443\"; ma=2592000,h3-Q046=\":443\"; ma=2592000,h3-Q043=\":443\"; ma=2592000,h3-T050=\":443\"; ma=2592000","accept-ranges":"none","transfer-encoding":"chunked"}
[debug] [2020-04-19T15:53:30.005Z] >>> HTTP REQUEST GET https://firebase.googleapis.com/v1beta1/projects/handy-app-ad6a5  
 
[debug] [2020-04-19T15:53:30.292Z] <<< HTTP RESPONSE 200 {"content-type":"application/json; charset=UTF-8","vary":"X-Origin, Referer, Origin,Accept-Encoding","date":"Sun, 19 Apr 2020 15:53:34 GMT","server":"ESF","cache-control":"private","x-xss-protection":"0","x-frame-options":"SAMEORIGIN","x-content-type-options":"nosniff","alt-svc":"quic=\":443\"; ma=2592000; v=\"46,43\",h3-Q050=\":443\"; ma=2592000,h3-Q049=\":443\"; ma=2592000,h3-Q048=\":443\"; ma=2592000,h3-Q046=\":443\"; ma=2592000,h3-Q043=\":443\"; ma=2592000,h3-T050=\":443\"; ma=2592000","accept-ranges":"none","transfer-encoding":"chunked"}
[info] 
[info] === Serving from 'C:\PersonalProjects\Handy\handy-server'...
[info] 
[warn] !  Your requested "node" version "8" doesn't match your global version "12"
[info] +  functions: functions emulator started at http://localhost:5000
[info] i  functions: Watching "C:\PersonalProjects\Handy\handy-server\functions" for Cloud Functions...
[debug] [2020-04-19T15:53:32.339Z] [worker-pool] addWorker(~diagnostic~) 
[debug] [2020-04-19T15:53:32.339Z] [worker-pool] Adding worker with key ~diagnostic~, total=1 
[debug] [2020-04-19T15:53:32.339Z] [worker-pool] submitWork(triggerId=) 
[debug] [2020-04-19T15:53:32.339Z] [worker-~diagnostic~-4e8279a7-3915-42a5-85ed-d3d3a26fe9a1]: Assigning socketPath: \\?\pipe\C:\PersonalProjects\Handy\handy-server\functions\4688 
[debug] [2020-04-19T15:53:32.340Z] [worker-~diagnostic~-4e8279a7-3915-42a5-85ed-d3d3a26fe9a1]: BUSY 
[debug] [2020-04-19T15:53:32.743Z] [runtime-status] [4688] Functions runtime initialized. {"cwd":"C:\\PersonalProjects\\Handy\\handy-server\\functions","node_version":"12.0.0"} 
[debug] [2020-04-19T15:53:32.744Z] [runtime-status] [4688] Disabled runtime features: undefined 
[warn] !  The Cloud Functions emulator requires the module "firebase-admin" to be installed. This package is in your package.json, but it's not available. You probably need to run "npm install" in your functions directory.
[info] i  functions: Your functions could not be parsed due to an issue with your node_modules (see above)
[debug] [2020-04-19T15:53:32.763Z] [worker-~diagnostic~-4e8279a7-3915-42a5-85ed-d3d3a26fe9a1]: exited 
[debug] [2020-04-19T15:53:32.764Z] [worker-~diagnostic~-4e8279a7-3915-42a5-85ed-d3d3a26fe9a1]: FINISHED 
